Logfile initialized
[INFO] logfile = /Users/zakfisher/Documents/School/Emerging Technologies/WOA-Music-Stream/build.log
[DEBUG] /Users/zakfisher/Library/Application Support/Titanium/mobilesdk/osx/2.1.3.GA/android/builder.py simulator WOA-Music-Stream /Applications/Titanium Studio/android_sdk /Users/zakfisher/Documents/School/Emerging Technologies/WOA-Music-Stream com.woa.musicstream 2 WVGA854 
[INFO] Building WOA-Music-Stream for Android ... one moment
[INFO] Titanium SDK version: 2.1.3 (10/02/12 16:16 15997d0)
[DEBUG] Waiting for device to be ready ...
[TRACE] adb devices returned 0 devices/emulators
[DEBUG] /Applications/Titanium Studio/android_sdk/tools/emulator -avd titanium_2_WVGA854 -port 5560 -sdcard /Users/zakfisher/.titanium/titanium_2_WVGA854.sdcard -logcat *:d,*,TiAPI:V -no-boot-anim -partition-size 128
[TRACE] adb devices returned 0 devices/emulators
[TRACE] adb devices returned 0 devices/emulators
[TRACE] adb devices returned 0 devices/emulators
[TRACE] adb devices returned 1 devices/emulators
[TRACE] adb devices returned 1 devices/emulators
[TRACE] adb devices returned 1 devices/emulators
[TRACE] adb devices returned 1 devices/emulators
[TRACE] adb devices returned 1 devices/emulators
[TRACE] adb devices returned 1 devices/emulators
[TRACE] adb devices returned 1 devices/emulators
[TRACE] adb devices returned 1 devices/emulators
[TRACE] adb devices returned 1 devices/emulators
[TRACE] adb devices returned 1 devices/emulators
[TRACE] adb devices returned 1 devices/emulators
[TRACE] adb devices returned 1 devices/emulators
[TRACE] adb devices returned 1 devices/emulators
[TRACE] adb devices returned 1 devices/emulators
[DEBUG] Device connected... (waited 85 seconds)
[DEBUG] waited 86.139182 seconds on emulator to get ready
[INFO] Waiting for the Android Emulator to become available
[DEBUG] com.woa.musicstream installed? True
[INFO] Fastdev server running, deploying in Fastdev mode
[INFO] Copying CommonJS modules...
[INFO] Copying project resources..
[TRACE] COPYING MODIFIED FILE: /Users/zakfisher/Documents/School/Emerging Technologies/WOA-Music-Stream/Resources/app.js => /Users/zakfisher/Documents/School/Emerging Technologies/WOA-Music-Stream/build/android/bin/assets/Resources/app.js
[INFO] Tiapp.xml unchanged, skipping class generation
[DEBUG] Processing Android resource drawables
[DEBUG] found drawable-long-land-hdpi splash screen at /Users/zakfisher/Documents/School/Emerging Technologies/WOA-Music-Stream/Resources/android/images/res-long-land-hdpi/default.png
[DEBUG] found drawable-long-land-ldpi splash screen at /Users/zakfisher/Documents/School/Emerging Technologies/WOA-Music-Stream/Resources/android/images/res-long-land-ldpi/default.png
[DEBUG] found drawable-long-port-hdpi splash screen at /Users/zakfisher/Documents/School/Emerging Technologies/WOA-Music-Stream/Resources/android/images/res-long-port-hdpi/default.png
[DEBUG] found drawable-long-port-ldpi splash screen at /Users/zakfisher/Documents/School/Emerging Technologies/WOA-Music-Stream/Resources/android/images/res-long-port-ldpi/default.png
[DEBUG] found drawable-notlong-land-hdpi splash screen at /Users/zakfisher/Documents/School/Emerging Technologies/WOA-Music-Stream/Resources/android/images/res-notlong-land-hdpi/default.png
[DEBUG] found drawable-notlong-land-ldpi splash screen at /Users/zakfisher/Documents/School/Emerging Technologies/WOA-Music-Stream/Resources/android/images/res-notlong-land-ldpi/default.png
[DEBUG] found drawable-notlong-land-mdpi splash screen at /Users/zakfisher/Documents/School/Emerging Technologies/WOA-Music-Stream/Resources/android/images/res-notlong-land-mdpi/default.png
[DEBUG] found drawable-notlong-port-hdpi splash screen at /Users/zakfisher/Documents/School/Emerging Technologies/WOA-Music-Stream/Resources/android/images/res-notlong-port-hdpi/default.png
[DEBUG] found drawable-notlong-port-ldpi splash screen at /Users/zakfisher/Documents/School/Emerging Technologies/WOA-Music-Stream/Resources/android/images/res-notlong-port-ldpi/default.png
[DEBUG] found drawable-notlong-port-mdpi splash screen at /Users/zakfisher/Documents/School/Emerging Technologies/WOA-Music-Stream/Resources/android/images/res-notlong-port-mdpi/default.png
[INFO] Waiting for SDCard to become available..
[INFO] Re-launching application ... WOA-Music-Stream
[INFO] Launching application ... WOA-Music-Stream
[TRACE] Launch output: Starting: Intent { act=android.intent.action.MAIN cat=[android.intent.category.LAUNCHER] flg=0x10200000 cmp=com.woa.musicstream/.WoaMusicStreamActivity }

[INFO] Android Emulator has exited
